poetry run python -m pycln . -a
Looks good! ‚ú® üç∞ ‚ú®
374 files left unchanged.
poetry run ruff check . --fix
All checks passed!
poetry run ruff format sophie_bot/
365 files left unchanged
"pybabel" extract -k "pl_:1,2" -k "p_:1,2" -k "l_:1" \
--add-comments="NOTE: " -o "/home/yacha/Projects/Otty/sophie/locales/bot.pot" --omit-header --sort-by-file --no-wrap "sophie_bot"
extracting messages from sophie_bot/__init__.py
extracting messages from sophie_bot/__main__.py
extracting messages from sophie_bot/config.py
extracting messages from sophie_bot/startup.py
extracting messages from sophie_bot/versions.py
extracting messages from sophie_bot/args/users.py
extracting messages from sophie_bot/db/db_exceptions.py
extracting messages from sophie_bot/db/cache/locale.py
extracting messages from sophie_bot/db/models/__init__.py
extracting messages from sophie_bot/db/models/_link_type.py
extracting messages from sophie_bot/db/models/ai_autotranslate.py
extracting messages from sophie_bot/db/models/ai_enabled.py
extracting messages from sophie_bot/db/models/ai_memory.py
extracting messages from sophie_bot/db/models/ai_moderator.py
extracting messages from sophie_bot/db/models/ai_provider.py
extracting messages from sophie_bot/db/models/ai_usage.py
extracting messages from sophie_bot/db/models/antiflood.py
extracting messages from sophie_bot/db/models/api_token.py
extracting messages from sophie_bot/db/models/beta.py
extracting messages from sophie_bot/db/models/chat.py
extracting messages from sophie_bot/db/models/chat_admin.py
extracting messages from sophie_bot/db/models/chat_connections.py
extracting messages from sophie_bot/db/models/chat_photo.py
extracting messages from sophie_bot/db/models/disabling.py
extracting messages from sophie_bot/db/models/federations.py
extracting messages from sophie_bot/db/models/filters.py
extracting messages from sophie_bot/db/models/greetings.py
extracting messages from sophie_bot/db/models/language.py
extracting messages from sophie_bot/db/models/notes.py
extracting messages from sophie_bot/db/models/privatenotes.py
extracting messages from sophie_bot/db/models/rules.py
extracting messages from sophie_bot/db/models/settings_keyvalue.py
extracting messages from sophie_bot/db/models/ws_user.py
extracting messages from sophie_bot/filters/admin_rights.py
extracting messages from sophie_bot/filters/chat_status.py
extracting messages from sophie_bot/filters/cmd.py
extracting messages from sophie_bot/filters/command_start.py
extracting messages from sophie_bot/filters/feature_flag.py
extracting messages from sophie_bot/filters/is_connected.py
extracting messages from sophie_bot/filters/message_status.py
extracting messages from sophie_bot/filters/user_status.py
extracting messages from sophie_bot/metrics/__init__.py
extracting messages from sophie_bot/metrics/ai.py
extracting messages from sophie_bot/metrics/background.py
extracting messages from sophie_bot/metrics/external.py
extracting messages from sophie_bot/metrics/middleware.py
extracting messages from sophie_bot/metrics/prom.py
extracting messages from sophie_bot/middlewares/__init__.py
extracting messages from sophie_bot/middlewares/beta.py
extracting messages from sophie_bot/middlewares/connections.py
extracting messages from sophie_bot/middlewares/debug.py
extracting messages from sophie_bot/middlewares/disabling.py
extracting messages from sophie_bot/middlewares/legacy_save_chats.py
extracting messages from sophie_bot/middlewares/localization.py
extracting messages from sophie_bot/middlewares/logic.py
extracting messages from sophie_bot/middlewares/memory_debug.py
extracting messages from sophie_bot/middlewares/save_chats.py
extracting messages from sophie_bot/modes/__init__.py
extracting messages from sophie_bot/modes/bot.py
extracting messages from sophie_bot/modes/rest.py
extracting messages from sophie_bot/modes/scheduler.py
extracting messages from sophie_bot/modules/__init__.py
extracting messages from sophie_bot/modules/ai/__init__.py
extracting messages from sophie_bot/modules/ai/callbacks.py
extracting messages from sophie_bot/modules/ai/texts.py
extracting messages from sophie_bot/modules/ai/agent_tools/cmds_help.py
extracting messages from sophie_bot/modules/ai/agent_tools/memory.py
extracting messages from sophie_bot/modules/ai/agent_tools/notes.py
extracting messages from sophie_bot/modules/ai/filters/ai_enabled.py
extracting messages from sophie_bot/modules/ai/filters/throttle.py
extracting messages from sophie_bot/modules/ai/fsm/playground.py
extracting messages from sophie_bot/modules/ai/fsm/pm.py
extracting messages from sophie_bot/modules/ai/handlers/ai_cmd.py
extracting messages from sophie_bot/modules/ai/handlers/ai_moderator_setting.py
extracting messages from sophie_bot/modules/ai/handlers/aiprovider.py
extracting messages from sophie_bot/modules/ai/handlers/aisave.py
extracting messages from sophie_bot/modules/ai/handlers/autotranslate_setting.py
extracting messages from sophie_bot/modules/ai/handlers/enable_setting.py
extracting messages from sophie_bot/modules/ai/handlers/filter.py
extracting messages from sophie_bot/modules/ai/handlers/mode.py
extracting messages from sophie_bot/modules/ai/handlers/op_stats.py
extracting messages from sophie_bot/modules/ai/handlers/playground.py
extracting messages from sophie_bot/modules/ai/handlers/pm.py
extracting messages from sophie_bot/modules/ai/handlers/reply.py
extracting messages from sophie_bot/modules/ai/handlers/reset_context.py
extracting messages from sophie_bot/modules/ai/handlers/translate.py
extracting messages from sophie_bot/modules/ai/json_schemas/aisave.py
extracting messages from sophie_bot/modules/ai/json_schemas/translate.py
extracting messages from sophie_bot/modules/ai/json_schemas/update_note_description.py
extracting messages from sophie_bot/modules/ai/magic_handlers/filter.py
extracting messages from sophie_bot/modules/ai/magic_handlers/modern_action.py
extracting messages from sophie_bot/modules/ai/middlewares/ai_moderator.py
extracting messages from sophie_bot/modules/ai/middlewares/auto_translate.py
extracting messages from sophie_bot/modules/ai/middlewares/cache_bot_messages.py
extracting messages from sophie_bot/modules/ai/middlewares/cache_user_messages.py
extracting messages from sophie_bot/modules/ai/utils/ai_agent_run.py
extracting messages from sophie_bot/modules/ai/utils/ai_chatbot_reply.py
extracting messages from sophie_bot/modules/ai/utils/ai_get_provider.py
extracting messages from sophie_bot/modules/ai/utils/ai_header.py
extracting messages from sophie_bot/modules/ai/utils/ai_models.py
extracting messages from sophie_bot/modules/ai/utils/ai_moderator.py
extracting messages from sophie_bot/modules/ai/utils/ai_tool_context.py
extracting messages from sophie_bot/modules/ai/utils/cache_messages.py
extracting messages from sophie_bot/modules/ai/utils/detect_lang.py
extracting messages from sophie_bot/modules/ai/utils/new_ai_chatbot.py
extracting messages from sophie_bot/modules/ai/utils/new_message_history.py
extracting messages from sophie_bot/modules/ai/utils/self_reply.py
extracting messages from sophie_bot/modules/ai/utils/transform_audio.py
extracting messages from sophie_bot/modules/disabling/__init__.py
extracting messages from sophie_bot/modules/disabling/callbacks.py
extracting messages from sophie_bot/modules/disabling/export.py
extracting messages from sophie_bot/modules/disabling/handlers/disable.py
extracting messages from sophie_bot/modules/disabling/handlers/disable_able.py
extracting messages from sophie_bot/modules/disabling/handlers/disabled.py
extracting messages from sophie_bot/modules/disabling/handlers/enable.py
extracting messages from sophie_bot/modules/disabling/handlers/enable_all.py
extracting messages from sophie_bot/modules/disabling/utils/get_disabled.py
extracting messages from sophie_bot/modules/error/__init__.py
extracting messages from sophie_bot/modules/error/handlers/crash_handler.py
extracting messages from sophie_bot/modules/error/handlers/error.py
extracting messages from sophie_bot/modules/error/utils/backoff.py
extracting messages from sophie_bot/modules/error/utils/capture.py
extracting messages from sophie_bot/modules/error/utils/error_message.py
extracting messages from sophie_bot/modules/error/utils/haikus.py
extracting messages from sophie_bot/modules/error/utils/ignored.py
extracting messages from sophie_bot/modules/federations/__init__.py
extracting messages from sophie_bot/modules/federations/config.py
extracting messages from sophie_bot/modules/federations/args/ban.py
extracting messages from sophie_bot/modules/federations/args/fed_id.py
extracting messages from sophie_bot/modules/federations/handlers/accept_transfer.py
extracting messages from sophie_bot/modules/federations/handlers/ban.py
extracting messages from sophie_bot/modules/federations/handlers/banlist.py
extracting messages from sophie_bot/modules/federations/handlers/create.py
extracting messages from sophie_bot/modules/federations/handlers/info.py
extracting messages from sophie_bot/modules/federations/handlers/join.py
extracting messages from sophie_bot/modules/federations/handlers/leave.py
extracting messages from sophie_bot/modules/federations/handlers/logs.py
extracting messages from sophie_bot/modules/federations/handlers/subscribe.py
extracting messages from sophie_bot/modules/federations/handlers/transfer.py
extracting messages from sophie_bot/modules/federations/handlers/unban.py
extracting messages from sophie_bot/modules/federations/middlewares/check_fban.py
extracting messages from sophie_bot/modules/federations/services/federation.py
extracting messages from sophie_bot/modules/federations/services/permissions.py
extracting messages from sophie_bot/modules/filters/__init__.py
extracting messages from sophie_bot/modules/filters/callbacks.py
extracting messages from sophie_bot/modules/filters/enforce_middleware.py
extracting messages from sophie_bot/modules/filters/fsm.py
extracting messages from sophie_bot/modules/filters/handlers/action_change_setting_confirm.py
extracting messages from sophie_bot/modules/filters/handlers/action_remove.py
extracting messages from sophie_bot/modules/filters/handlers/action_select.py
extracting messages from sophie_bot/modules/filters/handlers/action_setting_select.py
extracting messages from sophie_bot/modules/filters/handlers/action_setup_confirm.py
extracting messages from sophie_bot/modules/filters/handlers/actions_list.py
extracting messages from sophie_bot/modules/filters/handlers/actions_list_to_remove.py
extracting messages from sophie_bot/modules/filters/handlers/add.py
extracting messages from sophie_bot/modules/filters/handlers/confirm.py
extracting messages from sophie_bot/modules/filters/handlers/filter_confirm.py
extracting messages from sophie_bot/modules/filters/handlers/filter_del.py
extracting messages from sophie_bot/modules/filters/handlers/filter_edit.py
extracting messages from sophie_bot/modules/filters/handlers/filter_new.py
extracting messages from sophie_bot/modules/filters/handlers/filter_save.py
extracting messages from sophie_bot/modules/filters/handlers/filters_list.py
extracting messages from sophie_bot/modules/filters/types/modern_action_abc.py
extracting messages from sophie_bot/modules/filters/types/modern_action_data_types.py
extracting messages from sophie_bot/modules/filters/utils_/ai_filter_schema.py
extracting messages from sophie_bot/modules/filters/utils_/all_modern_actions.py
extracting messages from sophie_bot/modules/filters/utils_/extract_content.py
extracting messages from sophie_bot/modules/filters/utils_/filter_abc.py
extracting messages from sophie_bot/modules/filters/utils_/filter_action_text.py
extracting messages from sophie_bot/modules/filters/utils_/filter_actions_keyboard.py
extracting messages from sophie_bot/modules/filters/utils_/handle_action.py
extracting messages from sophie_bot/modules/filters/utils_/legacy_filter_actions.py
extracting messages from sophie_bot/modules/filters/utils_/legacy_filter_handler.py
extracting messages from sophie_bot/modules/filters/utils_/match_legacy.py
extracting messages from sophie_bot/modules/greetings/__init__.py
extracting messages from sophie_bot/modules/greetings/default_welcome.py
extracting messages from sophie_bot/modules/greetings/handlers/enablewelcome.py
extracting messages from sophie_bot/modules/greetings/handlers/set_join_request.py
extracting messages from sophie_bot/modules/greetings/handlers/status_cleanservice.py
extracting messages from sophie_bot/modules/greetings/handlers/status_cleanwelcome.py
extracting messages from sophie_bot/modules/greetings/handlers/status_greetings.py
extracting messages from sophie_bot/modules/greetings/handlers/status_overall.py
extracting messages from sophie_bot/modules/greetings/middlewares/leave_user.py
extracting messages from sophie_bot/modules/greetings/middlewares/new_user.py
extracting messages from sophie_bot/modules/greetings/utils/send_welcome.py
extracting messages from sophie_bot/modules/help/__init__.py
extracting messages from sophie_bot/modules/help/callbacks.py
extracting messages from sophie_bot/modules/help/stats.py
extracting messages from sophie_bot/modules/help/handlers/help_group.py
extracting messages from sophie_bot/modules/help/handlers/op.py
extracting messages from sophie_bot/modules/help/handlers/pm_modules.py
extracting messages from sophie_bot/modules/help/handlers/set_lang_legacy.py
extracting messages from sophie_bot/modules/help/handlers/start_group.py
extracting messages from sophie_bot/modules/help/handlers/start_pm.py
extracting messages from sophie_bot/modules/help/utils/extract_info.py
extracting messages from sophie_bot/modules/help/utils/format_help.py
extracting messages from sophie_bot/modules/legacy_modules/__init__.py
extracting messages from sophie_bot/modules/legacy_modules/modules/__init__.py
extracting messages from sophie_bot/modules/legacy_modules/modules/antiflood.py
extracting messages from sophie_bot/modules/legacy_modules/modules/connection.py
extracting messages from sophie_bot/modules/legacy_modules/modules/feds.py
extracting messages from sophie_bot/modules/legacy_modules/modules/language.py
extracting messages from sophie_bot/modules/legacy_modules/modules/owner_stuff.py
extracting messages from sophie_bot/modules/legacy_modules/modules/pins.py
extracting messages from sophie_bot/modules/legacy_modules/modules/reports.py
extracting messages from sophie_bot/modules/legacy_modules/modules/restrictions.py
extracting messages from sophie_bot/modules/legacy_modules/modules/users.py
extracting messages from sophie_bot/modules/legacy_modules/modules/warns.py
extracting messages from sophie_bot/modules/legacy_modules/utils/__init__.py
extracting messages from sophie_bot/modules/legacy_modules/utils/connections.py
extracting messages from sophie_bot/modules/legacy_modules/utils/deep_linking.py
extracting messages from sophie_bot/modules/legacy_modules/utils/disable.py
extracting messages from sophie_bot/modules/legacy_modules/utils/language.py
extracting messages from sophie_bot/modules/legacy_modules/utils/message.py
extracting messages from sophie_bot/modules/legacy_modules/utils/register.py
extracting messages from sophie_bot/modules/legacy_modules/utils/restrictions.py
extracting messages from sophie_bot/modules/legacy_modules/utils/user_details.py
extracting messages from sophie_bot/modules/locks/__init__.py
extracting messages from sophie_bot/modules/locks/handlers/lockable.py
extracting messages from sophie_bot/modules/notes/__init__.py
extracting messages from sophie_bot/modules/notes/callbacks.py
extracting messages from sophie_bot/modules/notes/filters/pm_notes.py
extracting messages from sophie_bot/modules/notes/handlers/delete.py
extracting messages from sophie_bot/modules/notes/handlers/delete_all.py
extracting messages from sophie_bot/modules/notes/handlers/get.py
extracting messages from sophie_bot/modules/notes/handlers/legacy_button.py
extracting messages from sophie_bot/modules/notes/handlers/list.py
extracting messages from sophie_bot/modules/notes/handlers/pmnotes_handler.py
extracting messages from sophie_bot/modules/notes/handlers/pmnotes_setting.py
extracting messages from sophie_bot/modules/notes/handlers/save.py
extracting messages from sophie_bot/modules/notes/handlers/search.py
extracting messages from sophie_bot/modules/notes/magic_handlers/descriptions_scheduler.py
extracting messages from sophie_bot/modules/notes/magic_handlers/export.py
extracting messages from sophie_bot/modules/notes/magic_handlers/filter.py
extracting messages from sophie_bot/modules/notes/magic_handlers/modern_filter.py
extracting messages from sophie_bot/modules/notes/magic_handlers/reply_action.py
extracting messages from sophie_bot/modules/notes/magic_handlers/send_note_action.py
extracting messages from sophie_bot/modules/notes/schedules/generate_ai_titles.py
extracting messages from sophie_bot/modules/notes/utils/combine.py
extracting messages from sophie_bot/modules/notes/utils/extract_markdown_entities.py
extracting messages from sophie_bot/modules/notes/utils/fillings.py
extracting messages from sophie_bot/modules/notes/utils/list.py
extracting messages from sophie_bot/modules/notes/utils/names.py
extracting messages from sophie_bot/modules/notes/utils/parse.py
extracting messages from sophie_bot/modules/notes/utils/random_parser.py
extracting messages from sophie_bot/modules/notes/utils/send.py
extracting messages from sophie_bot/modules/notes/utils/unparse_legacy.py
extracting messages from sophie_bot/modules/notes/utils/buttons_processor/legacy.py
extracting messages from sophie_bot/modules/notes/utils/buttons_processor/parse_arg.py
extracting messages from sophie_bot/modules/notes/utils/buttons_processor/parse_message_buttons.py
extracting messages from sophie_bot/modules/notes/utils/buttons_processor/unparse.py
extracting messages from sophie_bot/modules/op/__init__.py
extracting messages from sophie_bot/modules/op/api/__init__.py
extracting messages from sophie_bot/modules/op/api/health.py
extracting messages from sophie_bot/modules/op/handlers/Banner.py
extracting messages from sophie_bot/modules/op/handlers/Captcha.py
extracting messages from sophie_bot/modules/op/handlers/KillSwitch.py
extracting messages from sophie_bot/modules/op/handlers/ListJobs.py
extracting messages from sophie_bot/modules/op/handlers/StopJobs.py
extracting messages from sophie_bot/modules/privacy/__init__.py
extracting messages from sophie_bot/modules/privacy/callbacks.py
extracting messages from sophie_bot/modules/privacy/handlers/export.py
extracting messages from sophie_bot/modules/privacy/handlers/privacy.py
extracting messages from sophie_bot/modules/promotes/__init__.py
extracting messages from sophie_bot/modules/promotes/handlers/demote.py
extracting messages from sophie_bot/modules/promotes/handlers/promote.py
extracting messages from sophie_bot/modules/purges/__init__.py
extracting messages from sophie_bot/modules/purges/handlers/button.py
extracting messages from sophie_bot/modules/purges/handlers/delete.py
extracting messages from sophie_bot/modules/purges/handlers/purge.py
extracting messages from sophie_bot/modules/purges/magic_handlers/filter.py
extracting messages from sophie_bot/modules/purges/magic_handlers/modern_filter.py
extracting messages from sophie_bot/modules/rest/__init__.py
extracting messages from sophie_bot/modules/rest/api/__init__.py
extracting messages from sophie_bot/modules/rest/api/auth.py
extracting messages from sophie_bot/modules/rest/api/groups.py
extracting messages from sophie_bot/modules/restrictions/__init__.py
extracting messages from sophie_bot/modules/restrictions/actions/ban.py
extracting messages from sophie_bot/modules/restrictions/actions/kick.py
extracting messages from sophie_bot/modules/restrictions/actions/mute.py
extracting messages from sophie_bot/modules/rules/__init__.py
extracting messages from sophie_bot/modules/rules/handlers/get.py
extracting messages from sophie_bot/modules/rules/handlers/legacy_button.py
extracting messages from sophie_bot/modules/rules/handlers/reset.py
extracting messages from sophie_bot/modules/rules/handlers/set.py
extracting messages from sophie_bot/modules/rules/magic_handlers/filter.py
extracting messages from sophie_bot/modules/rules/magic_handlers/modern_filter.py
extracting messages from sophie_bot/modules/troubleshooters/__init__.py
extracting messages from sophie_bot/modules/troubleshooters/callbacks.py
extracting messages from sophie_bot/modules/troubleshooters/stats.py
extracting messages from sophie_bot/modules/troubleshooters/handlers/admincache.py
extracting messages from sophie_bot/modules/troubleshooters/handlers/beta_state.py
extracting messages from sophie_bot/modules/troubleshooters/handlers/cancel.py
extracting messages from sophie_bot/modules/troubleshooters/handlers/cancel_callback.py
extracting messages from sophie_bot/modules/troubleshooters/handlers/op_settings.py
extracting messages from sophie_bot/modules/users/__init__.py
extracting messages from sophie_bot/modules/users/export.py
extracting messages from sophie_bot/modules/users/stats.py
extracting messages from sophie_bot/modules/users/handlers/id.py
extracting messages from sophie_bot/modules/utils_/base_handler.py
extracting messages from sophie_bot/modules/utils_/chat_member.py
extracting messages from sophie_bot/modules/utils_/common_try.py
extracting messages from sophie_bot/modules/utils_/get_user.py
extracting messages from sophie_bot/modules/utils_/message.py
extracting messages from sophie_bot/modules/utils_/reply_or_edit.py
extracting messages from sophie_bot/modules/utils_/status_handler.py
extracting messages from sophie_bot/modules/utils_/telegram_exceptions.py
extracting messages from sophie_bot/modules/utils_/action_config_wizard/__init__.py
extracting messages from sophie_bot/modules/utils_/action_config_wizard/base.py
extracting messages from sophie_bot/modules/utils_/action_config_wizard/callback.py
extracting messages from sophie_bot/modules/utils_/action_config_wizard/callbacks.py
extracting messages from sophie_bot/modules/utils_/action_config_wizard/cancel.py
extracting messages from sophie_bot/modules/utils_/action_config_wizard/controller.py
extracting messages from sophie_bot/modules/utils_/action_config_wizard/done.py
extracting messages from sophie_bot/modules/utils_/action_config_wizard/factory.py
extracting messages from sophie_bot/modules/utils_/action_config_wizard/fsm.py
extracting messages from sophie_bot/modules/utils_/action_config_wizard/helpers.py
extracting messages from sophie_bot/modules/utils_/action_config_wizard/renderer.py
extracting messages from sophie_bot/modules/utils_/action_config_wizard/service.py
extracting messages from sophie_bot/modules/utils_/action_config_wizard/settings.py
extracting messages from sophie_bot/modules/utils_/action_config_wizard/setup.py
extracting messages from sophie_bot/modules/utils_/action_config_wizard/wizard.py
extracting messages from sophie_bot/modules/utils_/scheduler/chat_language.py
extracting messages from sophie_bot/modules/utils_/scheduler/for_chats.py
extracting messages from sophie_bot/modules/warns/__init__.py
extracting messages from sophie_bot/modules/warns/magic_handlers/modern_action.py
extracting messages from sophie_bot/modules/welcomesecurity/__init__.py
extracting messages from sophie_bot/modules/welcomesecurity/callbacks.py
extracting messages from sophie_bot/modules/welcomesecurity/fsm.py
extracting messages from sophie_bot/modules/welcomesecurity/handlers/captcha_confirm.py
extracting messages from sophie_bot/modules/welcomesecurity/handlers/captcha_get.py
extracting messages from sophie_bot/modules/welcomesecurity/handlers/chat_join_request.py
extracting messages from sophie_bot/modules/welcomesecurity/handlers/enable_welcomemute.py
extracting messages from sophie_bot/modules/welcomesecurity/handlers/enable_ws.py
extracting messages from sophie_bot/modules/welcomesecurity/handlers/legacy_button.py
extracting messages from sophie_bot/modules/welcomesecurity/handlers/status_overall.py
extracting messages from sophie_bot/modules/welcomesecurity/middlewares/lock_muted_users.py
extracting messages from sophie_bot/modules/welcomesecurity/schedules/ban_unpassed_users.py
extracting messages from sophie_bot/modules/welcomesecurity/utils_/captcha_done.py
extracting messages from sophie_bot/modules/welcomesecurity/utils_/captcha_rules.py
extracting messages from sophie_bot/modules/welcomesecurity/utils_/complete_captcha.py
extracting messages from sophie_bot/modules/welcomesecurity/utils_/db_time_convert.py
extracting messages from sophie_bot/modules/welcomesecurity/utils_/emoji_captcha.py
extracting messages from sophie_bot/modules/welcomesecurity/utils_/initiate_captcha.py
extracting messages from sophie_bot/modules/welcomesecurity/utils_/on_new_user.py
extracting messages from sophie_bot/modules/welcomesecurity/utils_/on_user_passed.py
extracting messages from sophie_bot/modules/welcomesecurity/utils_/send_captcha.py
extracting messages from sophie_bot/modules/welcomesecurity/utils_/welcomemute.py
extracting messages from sophie_bot/services/__init__.py
extracting messages from sophie_bot/services/ai.py
extracting messages from sophie_bot/services/bot.py
extracting messages from sophie_bot/services/db.py
extracting messages from sophie_bot/services/i18n.py
extracting messages from sophie_bot/services/redis.py
extracting messages from sophie_bot/services/rest.py
extracting messages from sophie_bot/services/scheduler.py
extracting messages from sophie_bot/services/sentry.py
extracting messages from sophie_bot/utils/cached.py
extracting messages from sophie_bot/utils/emoji_banner.py
extracting messages from sophie_bot/utils/exception.py
extracting messages from sophie_bot/utils/feature_flags.py
extracting messages from sophie_bot/utils/i18n.py
extracting messages from sophie_bot/utils/logger.py
extracting messages from sophie_bot/utils/api/auth.py
writing PO template file to /home/yacha/Projects/Otty/sophie/locales/bot.pot
cd "/home/yacha/Projects/Otty/sophie/.venv/lib/python3.13/site-packages/ass_tg" && \
"pybabel" extract -k "pl_:1,2" -k "p_:1,2" -k "l_:1" \
--add-comments="NOTE: " -o "/home/yacha/Projects/Otty/sophie/locales/ass.pot" --omit-header --sort-by-file --no-wrap .
extracting messages from __init__.py
extracting messages from entities.py
extracting messages from exceptions.py
extracting messages from i18n.py
extracting messages from middleware.py
extracting messages from types/__init__.py
extracting messages from types/aliases.py
extracting messages from types/base_abc.py
extracting messages from types/entities.py
extracting messages from types/keyvalue.py
extracting messages from types/lists.py
extracting messages from types/logic.py
extracting messages from types/one_of.py
extracting messages from types/oneword.py
extracting messages from types/reverse.py
extracting messages from types/text.py
extracting messages from types/text_eq.py
extracting messages from types/text_rules.py
extracting messages from types/time_arg.py
extracting messages from types/user.py
extracting messages from types/wrapped.py
writing PO template file to /home/yacha/Projects/Otty/sophie/locales/ass.pot
# Merge
cp "/home/yacha/Projects/Otty/sophie/locales/bot.pot" "/home/yacha/Projects/Otty/sophie/locales/sophie.pot"
cat "/home/yacha/Projects/Otty/sophie/locales/ass.pot" >> "/home/yacha/Projects/Otty/sophie/locales/sophie.pot"
poetry run python -m pycln . -a -c
Looks good! ‚ú® üç∞ ‚ú®
374 files would be left unchanged.
poetry run ruff format sophie_bot/ --check
365 files already formatted
poetry run ruff check .
All checks passed!
# poetry run python -m bandit sophie_bot/ -r
poetry run mypy -p sophie_bot
Success: no issues found in 400 source files
poetry run python -m pytest tests/ -v --alluredir=allure_results
============================= test session starts ==============================
platform linux -- Python 3.13.9, pytest-8.4.2, pluggy-1.6.0 -- /home/yacha/Projects/Otty/sophie/.venv/bin/python
cachedir: .pytest_cache
rootdir: /home/yacha/Projects/Otty/sophie
configfile: pyproject.toml
plugins: asyncio-0.24.0, devtools-0.12.2, anyio-4.12.0, allure-pytest-2.15.2
asyncio: mode=Mode.STRICT, default_loop_scope=None
collected 53 items
tests/test_fillings.py::TestProcessFillings::test_combined_fillings PASSED [  1%]
tests/test_fillings.py::TestProcessFillings::test_with_chat_fillings PASSED [  3%]
tests/test_fillings.py::TestProcessFillings::test_with_custom_fillings PASSED [  5%]
tests/test_fillings.py::TestProcessFillings::test_with_empty_text PASSED [  7%]
tests/test_fillings.py::TestProcessFillings::test_with_missing_custom_key PASSED [  9%]
tests/test_fillings.py::TestProcessFillings::test_with_user_fillings PASSED [ 11%]
tests/test_metrics/test_external.py::TestExternalServiceInstrumentation::test_time_external_service_success PASSED [ 13%]
tests/test_metrics/test_external.py::TestExternalServiceInstrumentation::test_time_external_service_exception PASSED [ 15%]
tests/test_metrics/test_external.py::TestExternalServiceInstrumentation::test_time_external_service_disabled PASSED [ 16%]
tests/test_metrics/test_external.py::TestExternalServiceInstrumentation::test_instrument_external_service_async PASSED [ 18%]
tests/test_metrics/test_external.py::TestExternalServiceInstrumentation::test_instrument_external_service_sync PASSED [ 20%]
tests/test_metrics/test_external.py::TestExternalServiceInstrumentation::test_instrument_external_service_async_exception PASSED [ 22%]
tests/test_metrics/test_external.py::TestExternalServiceInstrumentation::test_instrument_external_service_sync_exception PASSED [ 24%]
tests/test_metrics/test_external.py::TestExternalServiceInstrumentation::test_specific_service_decorators PASSED [ 26%]
tests/test_metrics/test_external.py::TestExternalServiceTracker::test_tracker_success PASSED [ 28%]
tests/test_metrics/test_external.py::TestExternalServiceTracker::test_tracker_with_exception PASSED [ 30%]
tests/test_metrics/test_external.py::TestExternalServiceTracker::test_tracker_without_start PASSED [ 32%]
tests/test_metrics/test_external.py::TestExternalServiceTracker::test_tracker_disabled_metrics PASSED [ 33%]
tests/test_metrics/test_external.py::TestServiceIntegration::test_service_context_managers PASSED [ 35%]
tests/test_metrics/test_external.py::TestServiceIntegration::test_set_metrics_function PASSED [ 37%]
tests/test_metrics/test_external.py::TestServiceIntegration::test_create_service_tracker_type PASSED [ 39%]
tests/test_metrics/test_middleware.py::TestMetricsMiddleware::test_successful_handler_execution PASSED [ 41%]
tests/test_metrics/test_middleware.py::TestMetricsMiddleware::test_handler_exception PASSED [ 43%]
tests/test_metrics/test_middleware.py::TestMetricsMiddleware::test_sampling_skip PASSED [ 45%]
tests/test_metrics/test_middleware.py::TestMetricsMiddleware::test_extract_update_info_message PASSED [ 47%]
tests/test_metrics/test_middleware.py::TestMetricsMiddleware::test_extract_update_info_callback_query PASSED [ 49%]
tests/test_metrics/test_middleware.py::TestMetricsMiddleware::test_get_message_kind_text PASSED [ 50%]
tests/test_metrics/test_middleware.py::TestMetricsMiddleware::test_get_message_kind_photo PASSED [ 52%]
tests/test_metrics/test_middleware.py::TestMetricsMiddleware::test_get_handler_name PASSED [ 54%]
tests/test_metrics/test_middleware.py::TestMetricsMiddleware::test_webhook_transport_detection PASSED [ 56%]
tests/test_metrics/test_middleware.py::TestMetricsMiddleware::test_concurrent_handlers PASSED [ 58%]
tests/test_parse.py::test_parse_saveable_with_text_only PASSED           [ 60%]
tests/test_parse.py::test_parse_saveable_with_reply_message PASSED       [ 62%]
tests/test_parse.py::test_parse_saveable_exceeding_length_limit PASSED   [ 64%]
tests/test_parse.py::test_parse_saveable_with_file_data PASSED           [ 66%]
tests/test_parse.py::test_parse_reply_message_with_text PASSED           [ 67%]
tests/test_parse.py::test_parse_reply_message_with_unsupported_content_type PASSED [ 69%]
tests/test_parse.py::test_extract_file_info_with_photo PASSED            [ 71%]
tests/test_parse.py::test_extract_file_info_with_non_parsable_content_type PASSED [ 73%]
tests/test_random_parser_cases.py::TestRandomParser::test_avoid_triple_newlines_on_multiline_boundaries PASSED [ 75%]
tests/test_random_parser_cases.py::TestRandomParser::test_boundary_by_whitespace_between_sections PASSED [ 77%]
tests/test_random_parser_cases.py::TestRandomParser::test_empty_option_at_start_of_section PASSED [ 79%]
tests/test_random_parser_cases.py::TestRandomParser::test_empty_options PASSED [ 81%]
tests/test_random_parser_cases.py::TestRandomParser::test_empty_string PASSED [ 83%]
tests/test_random_parser_cases.py::TestRandomParser::test_leading_delimiter PASSED [ 84%]
tests/test_random_parser_cases.py::TestRandomParser::test_multiline_options PASSED [ 86%]
tests/test_random_parser_cases.py::TestRandomParser::test_multiline_with_multiple_sections PASSED [ 88%]
tests/test_random_parser_cases.py::TestRandomParser::test_multiple_choice_sections PASSED [ 90%]
tests/test_random_parser_cases.py::TestRandomParser::test_nested_delimiters_not_supported PASSED [ 92%]
tests/test_random_parser_cases.py::TestRandomParser::test_no_delimiters PASSED [ 94%]
tests/test_random_parser_cases.py::TestRandomParser::test_single_choice PASSED [ 96%]
tests/test_random_parser_cases.py::TestRandomParser::test_trailing_delimiter PASSED [ 98%]
tests/test_random_parser_cases.py::TestRandomParser::test_whitespace_handling PASSED [100%]
=============================== warnings summary ===============================
sophie_bot/config.py:141
  /home/yacha/Projects/Otty/sophie/sophie_bot/config.py:141: PydanticDeprecatedSince20: Pydantic V1 style `@validator` validators are deprecated. You should migrate to Pydantic V2 style `@field_validator` validators, see the migration guide for more details. Deprecated in Pydantic V2.0 to be removed in V3.0. See Pydantic V2 Migration Guide at https://errors.pydantic.dev/2.12/migration/
    @validator("operators")
sophie_bot/config.py:17
  /home/yacha/Projects/Otty/sophie/sophie_bot/config.py:17: PydanticDeprecatedSince20: Support for class-based `config` is deprecated, use ConfigDict instead. Deprecated in Pydantic V2.0 to be removed in V3.0. See Pydantic V2 Migration Guide at https://errors.pydantic.dev/2.12/migration/
    class Config(BaseSettings):
sophie_bot/db/models/notes.py:16
  /home/yacha/Projects/Otty/sophie/sophie_bot/db/models/notes.py:16: PydanticDeprecatedSince20: Support for class-based `config` is deprecated, use ConfigDict instead. Deprecated in Pydantic V2.0 to be removed in V3.0. See Pydantic V2 Migration Guide at https://errors.pydantic.dev/2.12/migration/
    class NoteFile(BaseModel):
tests/test_metrics/test_external.py::TestExternalServiceInstrumentation::test_time_external_service_exception
tests/test_metrics/test_external.py::TestExternalServiceInstrumentation::test_instrument_external_service_async_exception
tests/test_metrics/test_external.py::TestExternalServiceTracker::test_tracker_with_exception
tests/test_metrics/test_middleware.py::TestMetricsMiddleware::test_handler_exception
  /home/yacha/Projects/Otty/sophie/.venv/lib/python3.13/site-packages/structlog/stdlib.py:1166: UserWarning: Remove `format_exc_info` from your processor chain if you want pretty exceptions.
    ed = p(logger, meth_name, ed)  # type: ignore[arg-type]
-- Docs: https://docs.pytest.org/en/stable/how-to/capture-warnings.html
======================== 53 passed, 7 warnings in 2.98s ========================
--- Logging error ---
Traceback (most recent call last):
  File "/home/yacha/Projects/Otty/sophie/.venv/lib/python3.13/site-packages/mistralai/httpclient.py", line 119, in close_clients
    loop = asyncio.get_running_loop()
RuntimeError: no running event loop
During handling of the above exception, another exception occurred:
Traceback (most recent call last):
  File "/usr/lib64/python3.13/logging/__init__.py", line 1154, in emit
    stream.write(msg + self.terminator)
    ~~~~~~~~~~~~^^^^^^^^^^^^^^^^^^^^^^^
ValueError: I/O operation on closed file.
Call stack:
  File "/usr/lib64/python3.13/weakref.py", line 666, in _exitfunc
    f()
  File "/usr/lib64/python3.13/weakref.py", line 590, in __call__
    return info.func(*info.args, **(info.kwargs or {}))
  File "/home/yacha/Projects/Otty/sophie/.venv/lib/python3.13/site-packages/mistralai/httpclient.py", line 123, in close_clients
    asyncio.run(async_client.aclose())
  File "/usr/lib64/python3.13/asyncio/runners.py", line 194, in run
    with Runner(debug=debug, loop_factory=loop_factory) as runner:
  File "/usr/lib64/python3.13/asyncio/runners.py", line 58, in __enter__
    self._lazy_init()
  File "/usr/lib64/python3.13/asyncio/runners.py", line 137, in _lazy_init
    self._loop = events.new_event_loop()
  File "/usr/lib64/python3.13/asyncio/events.py", line 837, in new_event_loop
    return get_event_loop_policy().new_event_loop()
  File "/usr/lib64/python3.13/asyncio/events.py", line 734, in new_event_loop
    return self._loop_factory()
  File "/usr/lib64/python3.13/asyncio/unix_events.py", line 65, in __init__
    super().__init__(selector)
  File "/usr/lib64/python3.13/asyncio/selector_events.py", line 64, in __init__
    logger.debug('Using selector: %s', selector.__class__.__name__)
Message: 'Using selector: %s'
Arguments: ('EpollSelector',)
poetry run python tools/wiki_gen/start.py
2025-12-26 11:46:32 [info     ] Using BotAPI server: TelegramAPIServer(base='https://api.telegram.org/bot{token}/{method}', file='https://api.telegram.org/file/bot{token}/{path}', is_local=False, wrap_local_file=<aiogram.client.telegram.BareFilesPathWrapper object at 0x7f4b36442510>) [sophie_bot.services.bot]
2025-12-26 11:46:32 [debug    ] {"message": "Starting topology monitoring", "topologyId": {"$oid": "694e7598a41dbc60b099e323"}} [pymongo.topology]
2025-12-26 11:46:32 [debug    ] {"message": "Topology description changed", "topologyId": {"$oid": "694e7598a41dbc60b099e323"}, "previousDescription": "<TopologyDescription id: 694e7598a41dbc60b099e323, topology_type: Unknown, servers: []>", "newDescription": "<TopologyDescription id: 694e7598a41dbc60b099e323, topology_type: Unknown, servers: [<ServerDescription ('127.0.0.1', 27017) server_type: Unknown, rtt: None>]>"} [pymongo.topology]
2025-12-26 11:46:32 [debug    ] {"message": "Starting server monitoring", "topologyId": {"$oid": "694e7598a41dbc60b099e323"}, "serverHost": "127.0.0.1", "serverPort": 27017} [pymongo.topology]
Traceback (most recent call last):
  File "/home/yacha/Projects/Otty/sophie/.venv/lib/python3.13/site-packages/redis/connection.py", line 855, in connect_check_health
    sock = self.retry.call_with_retry(
        lambda: self._connect(), lambda error: self.disconnect(error)
    )
  File "/home/yacha/Projects/Otty/sophie/.venv/lib/python3.13/site-packages/redis/retry.py", line 116, in call_with_retry
    return do()
  File "/home/yacha/Projects/Otty/sophie/.venv/lib/python3.13/site-packages/redis/connection.py", line 856, in <lambda>
    lambda: self._connect(), lambda error: self.disconnect(error)
            ~~~~~~~~~~~~~^^
  File "/home/yacha/Projects/Otty/sophie/.venv/lib/python3.13/site-packages/redis/connection.py", line 1306, in _connect
    raise err
  File "/home/yacha/Projects/Otty/sophie/.venv/lib/python3.13/site-packages/redis/connection.py", line 1290, in _connect
    sock.connect(socket_address)
    ~~~~~~~~~~~~^^^^^^^^^^^^^^^^
ConnectionRefusedError: [Errno 111] Connection refused
During handling of the above exception, another exception occurred:
Traceback (most recent call last):
  File "/home/yacha/Projects/Otty/sophie/tools/wiki_gen/start.py", line 7, in <module>
    from sophie_bot.modules import load_modules
  File "/home/yacha/Projects/Otty/sophie/sophie_bot/modules/__init__.py", line 8, in <module>
    from sophie_bot.modules.utils_.base_handler import SophieBaseHandler
  File "/home/yacha/Projects/Otty/sophie/sophie_bot/modules/utils_/base_handler.py", line 18, in <module>
    from sophie_bot.middlewares.connections import ChatConnection
  File "/home/yacha/Projects/Otty/sophie/sophie_bot/middlewares/__init__.py", line 7, in <module>
    from sophie_bot.middlewares.disabling import DisablingMiddleware
  File "/home/yacha/Projects/Otty/sophie/sophie_bot/middlewares/disabling.py", line 9, in <module>
    from sophie_bot.modules.legacy_modules.utils.user_details import is_user_admin
  File "/home/yacha/Projects/Otty/sophie/sophie_bot/modules/legacy_modules/utils/user_details.py", line 20, in <module>
    from sophie_bot.services.redis import bredis
  File "/home/yacha/Projects/Otty/sophie/sophie_bot/services/redis.py", line 30, in <module>
    redis = StrictRedis(
        host=CONFIG.redis_host,
    ...<4 lines>...
        single_connection_client=True,
    )
  File "/home/yacha/Projects/Otty/sophie/.venv/lib/python3.13/site-packages/redis/utils.py", line 196, in wrapper
    return func(*args, **kwargs)
  File "/home/yacha/Projects/Otty/sophie/.venv/lib/python3.13/site-packages/redis/client.py", line 410, in __init__
    self.connection = self.connection_pool.get_connection()
                      ~~~~~~~~~~~~~~~~~~~~~~~~~~~~~~~~~~~^^
  File "/home/yacha/Projects/Otty/sophie/.venv/lib/python3.13/site-packages/redis/utils.py", line 196, in wrapper
    return func(*args, **kwargs)
  File "/home/yacha/Projects/Otty/sophie/.venv/lib/python3.13/site-packages/redis/connection.py", line 2603, in get_connection
    connection.connect()
    ~~~~~~~~~~~~~~~~~~^^
  File "/home/yacha/Projects/Otty/sophie/.venv/lib/python3.13/site-packages/redis/connection.py", line 846, in connect
    self.connect_check_health(check_health=True)
    ~~~~~~~~~~~~~~~~~~~~~~~~~^^^^^^^^^^^^^^^^^^^
  File "/home/yacha/Projects/Otty/sophie/.venv/lib/python3.13/site-packages/redis/connection.py", line 863, in connect_check_health
    raise ConnectionError(self._error_message(e))
redis.exceptions.ConnectionError: Error 111 connecting to localhost:6379. Connection refused.
make: *** [Makefile:104: gen_wiki] Error 1